{"total": {"lines":{"total":2479,"covered":1712,"skipped":0,"pct":69.06},"statements":{"total":2781,"covered":1958,"skipped":0,"pct":70.4},"functions":{"total":1093,"covered":786,"skipped":0,"pct":71.91},"branches":{"total":2341,"covered":1416,"skipped":0,"pct":60.48},"branchesTrue":{"total":0,"covered":0,"skipped":0,"pct":100}}
,"/Users/lizeyu/Projects/Agora/dashboard/src/App.tsx": {"lines":{"total":7,"covered":6,"skipped":0,"pct":85.71},"functions":{"total":5,"covered":5,"skipped":0,"pct":100},"statements":{"total":9,"covered":8,"skipped":0,"pct":88.88},"branches":{"total":2,"covered":1,"skipped":0,"pct":50}}
,"/Users/lizeyu/Projects/Agora/dashboard/src/components/auth/LoginAsciiCanvas.tsx": {"lines":{"total":86,"covered":1,"skipped":0,"pct":1.16},"functions":{"total":7,"covered":0,"skipped":0,"pct":0},"statements":{"total":88,"covered":1,"skipped":0,"pct":1.13},"branches":{"total":24,"covered":0,"skipped":0,"pct":0}}
,"/Users/lizeyu/Projects/Agora/dashboard/src/components/auth/RequireSession.tsx": {"lines":{"total":9,"covered":7,"skipped":0,"pct":77.77},"functions":{"total":4,"covered":3,"skipped":0,"pct":75},"statements":{"total":11,"covered":9,"skipped":0,"pct":81.81},"branches":{"total":6,"covered":5,"skipped":0,"pct":83.33}}
,"/Users/lizeyu/Projects/Agora/dashboard/src/components/features/WorkflowGraphEdge.tsx": {"lines":{"total":5,"covered":0,"skipped":0,"pct":0},"functions":{"total":1,"covered":0,"skipped":0,"pct":0},"statements":{"total":5,"covered":0,"skipped":0,"pct":0},"branches":{"total":10,"covered":0,"skipped":0,"pct":0}}
,"/Users/lizeyu/Projects/Agora/dashboard/src/components/features/WorkflowGraphView.tsx": {"lines":{"total":33,"covered":32,"skipped":0,"pct":96.96},"functions":{"total":10,"covered":9,"skipped":0,"pct":90},"statements":{"total":37,"covered":35,"skipped":0,"pct":94.59},"branches":{"total":31,"covered":28,"skipped":0,"pct":90.32}}
,"/Users/lizeyu/Projects/Agora/dashboard/src/components/layouts/AppShell.tsx": {"lines":{"total":9,"covered":7,"skipped":0,"pct":77.77},"functions":{"total":4,"covered":2,"skipped":0,"pct":50},"statements":{"total":9,"covered":7,"skipped":0,"pct":77.77},"branches":{"total":6,"covered":6,"skipped":0,"pct":100}}
,"/Users/lizeyu/Projects/Agora/dashboard/src/components/layouts/Sidebar.tsx": {"lines":{"total":8,"covered":8,"skipped":0,"pct":100},"functions":{"total":3,"covered":3,"skipped":0,"pct":100},"statements":{"total":8,"covered":8,"skipped":0,"pct":100},"branches":{"total":27,"covered":23,"skipped":0,"pct":85.18}}
,"/Users/lizeyu/Projects/Agora/dashboard/src/components/layouts/TopNav.tsx": {"lines":{"total":61,"covered":43,"skipped":0,"pct":70.49},"functions":{"total":28,"covered":20,"skipped":0,"pct":71.42},"statements":{"total":74,"covered":56,"skipped":0,"pct":75.67},"branches":{"total":41,"covered":24,"skipped":0,"pct":58.53}}
,"/Users/lizeyu/Projects/Agora/dashboard/src/components/settings/HumanAccountsPanel.tsx": {"lines":{"total":78,"covered":29,"skipped":0,"pct":37.17},"functions":{"total":26,"covered":3,"skipped":0,"pct":11.53},"statements":{"total":85,"covered":29,"skipped":0,"pct":34.11},"branches":{"total":61,"covered":19,"skipped":0,"pct":31.14}}
,"/Users/lizeyu/Projects/Agora/dashboard/src/components/ui/BrandLogo.tsx": {"lines":{"total":2,"covered":2,"skipped":0,"pct":100},"functions":{"total":1,"covered":1,"skipped":0,"pct":100},"statements":{"total":2,"covered":2,"skipped":0,"pct":100},"branches":{"total":3,"covered":3,"skipped":0,"pct":100}}
,"/Users/lizeyu/Projects/Agora/dashboard/src/components/ui/ControlGlass.tsx": {"lines":{"total":0,"covered":0,"skipped":0,"pct":100},"functions":{"total":0,"covered":0,"skipped":0,"pct":100},"statements":{"total":0,"covered":0,"skipped":0,"pct":100},"branches":{"total":0,"covered":0,"skipped":0,"pct":100}}
,"/Users/lizeyu/Projects/Agora/dashboard/src/components/ui/ExperienceNotice.tsx": {"lines":{"total":11,"covered":6,"skipped":0,"pct":54.54},"functions":{"total":4,"covered":2,"skipped":0,"pct":50},"statements":{"total":15,"covered":8,"skipped":0,"pct":53.33},"branches":{"total":4,"covered":2,"skipped":0,"pct":50}}
,"/Users/lizeyu/Projects/Agora/dashboard/src/components/ui/PageTransition.tsx": {"lines":{"total":2,"covered":2,"skipped":0,"pct":100},"functions":{"total":1,"covered":1,"skipped":0,"pct":100},"statements":{"total":2,"covered":2,"skipped":0,"pct":100},"branches":{"total":0,"covered":0,"skipped":0,"pct":100}}
,"/Users/lizeyu/Projects/Agora/dashboard/src/components/ui/Skeleton.tsx": {"lines":{"total":1,"covered":1,"skipped":0,"pct":100},"functions":{"total":1,"covered":1,"skipped":0,"pct":100},"statements":{"total":1,"covered":1,"skipped":0,"pct":100},"branches":{"total":1,"covered":1,"skipped":0,"pct":100}}
,"/Users/lizeyu/Projects/Agora/dashboard/src/components/ui/StaggeredItem.tsx": {"lines":{"total":3,"covered":3,"skipped":0,"pct":100},"functions":{"total":1,"covered":1,"skipped":0,"pct":100},"statements":{"total":3,"covered":3,"skipped":0,"pct":100},"branches":{"total":2,"covered":2,"skipped":0,"pct":100}}
,"/Users/lizeyu/Projects/Agora/dashboard/src/components/ui/StateBadge.tsx": {"lines":{"total":4,"covered":4,"skipped":0,"pct":100},"functions":{"total":2,"covered":2,"skipped":0,"pct":100},"statements":{"total":4,"covered":4,"skipped":0,"pct":100},"branches":{"total":0,"covered":0,"skipped":0,"pct":100}}
,"/Users/lizeyu/Projects/Agora/dashboard/src/components/ui/WorkbenchDetailSheet.tsx": {"lines":{"total":2,"covered":2,"skipped":0,"pct":100},"functions":{"total":1,"covered":1,"skipped":0,"pct":100},"statements":{"total":2,"covered":2,"skipped":0,"pct":100},"branches":{"total":0,"covered":0,"skipped":0,"pct":100}}
,"/Users/lizeyu/Projects/Agora/dashboard/src/components/ui/WorkbenchFilterPopover.tsx": {"lines":{"total":7,"covered":0,"skipped":0,"pct":0},"functions":{"total":4,"covered":0,"skipped":0,"pct":0},"statements":{"total":7,"covered":0,"skipped":0,"pct":0},"branches":{"total":11,"covered":0,"skipped":0,"pct":0}}
,"/Users/lizeyu/Projects/Agora/dashboard/src/hooks/useMediaQuery.ts": {"lines":{"total":9,"covered":9,"skipped":0,"pct":100},"functions":{"total":6,"covered":5,"skipped":0,"pct":83.33},"statements":{"total":13,"covered":11,"skipped":0,"pct":84.61},"branches":{"total":2,"covered":1,"skipped":0,"pct":50}}
,"/Users/lizeyu/Projects/Agora/dashboard/src/lib/agentProviderInsights.ts": {"lines":{"total":9,"covered":9,"skipped":0,"pct":100},"functions":{"total":2,"covered":2,"skipped":0,"pct":100},"statements":{"total":9,"covered":9,"skipped":0,"pct":100},"branches":{"total":14,"covered":13,"skipped":0,"pct":92.85}}
,"/Users/lizeyu/Projects/Agora/dashboard/src/lib/api.ts": {"lines":{"total":108,"covered":82,"skipped":0,"pct":75.92},"functions":{"total":69,"covered":56,"skipped":0,"pct":81.15},"statements":{"total":110,"covered":84,"skipped":0,"pct":76.36},"branches":{"total":68,"covered":50,"skipped":0,"pct":73.52}}
,"/Users/lizeyu/Projects/Agora/dashboard/src/lib/cn.ts": {"lines":{"total":1,"covered":1,"skipped":0,"pct":100},"functions":{"total":1,"covered":1,"skipped":0,"pct":100},"statements":{"total":1,"covered":1,"skipped":0,"pct":100},"branches":{"total":0,"covered":0,"skipped":0,"pct":100}}
,"/Users/lizeyu/Projects/Agora/dashboard/src/lib/createTaskDraft.ts": {"lines":{"total":21,"covered":20,"skipped":0,"pct":95.23},"functions":{"total":11,"covered":11,"skipped":0,"pct":100},"statements":{"total":23,"covered":22,"skipped":0,"pct":95.65},"branches":{"total":20,"covered":14,"skipped":0,"pct":70}}
,"/Users/lizeyu/Projects/Agora/dashboard/src/lib/dashboardCopy.ts": {"lines":{"total":64,"covered":39,"skipped":0,"pct":60.93},"functions":{"total":52,"covered":28,"skipped":0,"pct":53.84},"statements":{"total":64,"covered":39,"skipped":0,"pct":60.93},"branches":{"total":0,"covered":0,"skipped":0,"pct":100}}
,"/Users/lizeyu/Projects/Agora/dashboard/src/lib/dashboardExpansionMappers.ts": {"lines":{"total":68,"covered":55,"skipped":0,"pct":80.88},"functions":{"total":36,"covered":33,"skipped":0,"pct":91.66},"statements":{"total":70,"covered":56,"skipped":0,"pct":80},"branches":{"total":169,"covered":89,"skipped":0,"pct":52.66}}
,"/Users/lizeyu/Projects/Agora/dashboard/src/lib/dashboardHomeMetrics.ts": {"lines":{"total":15,"covered":15,"skipped":0,"pct":100},"functions":{"total":9,"covered":9,"skipped":0,"pct":100},"statements":{"total":18,"covered":18,"skipped":0,"pct":100},"branches":{"total":16,"covered":15,"skipped":0,"pct":93.75}}
,"/Users/lizeyu/Projects/Agora/dashboard/src/lib/i18n.ts": {"lines":{"total":32,"covered":30,"skipped":0,"pct":93.75},"functions":{"total":11,"covered":10,"skipped":0,"pct":90.9},"statements":{"total":37,"covered":31,"skipped":0,"pct":83.78},"branches":{"total":21,"covered":12,"skipped":0,"pct":57.14}}
,"/Users/lizeyu/Projects/Agora/dashboard/src/lib/mockDashboard.ts": {"lines":{"total":22,"covered":21,"skipped":0,"pct":95.45},"functions":{"total":6,"covered":6,"skipped":0,"pct":100},"statements":{"total":26,"covered":24,"skipped":0,"pct":92.3},"branches":{"total":12,"covered":9,"skipped":0,"pct":75}}
,"/Users/lizeyu/Projects/Agora/dashboard/src/lib/orchestrationRoles.ts": {"lines":{"total":13,"covered":13,"skipped":0,"pct":100},"functions":{"total":8,"covered":8,"skipped":0,"pct":100},"statements":{"total":14,"covered":14,"skipped":0,"pct":100},"branches":{"total":10,"covered":10,"skipped":0,"pct":100}}
,"/Users/lizeyu/Projects/Agora/dashboard/src/lib/taskMappers.ts": {"lines":{"total":53,"covered":44,"skipped":0,"pct":83.01},"functions":{"total":33,"covered":28,"skipped":0,"pct":84.84},"statements":{"total":57,"covered":46,"skipped":0,"pct":80.7},"branches":{"total":108,"covered":60,"skipped":0,"pct":55.55}}
,"/Users/lizeyu/Projects/Agora/dashboard/src/lib/taskMeta.ts": {"lines":{"total":6,"covered":6,"skipped":0,"pct":100},"functions":{"total":2,"covered":2,"skipped":0,"pct":100},"statements":{"total":6,"covered":6,"skipped":0,"pct":100},"branches":{"total":8,"covered":4,"skipped":0,"pct":50}}
,"/Users/lizeyu/Projects/Agora/dashboard/src/lib/templateRuntimeCompatibility.ts": {"lines":{"total":27,"covered":17,"skipped":0,"pct":62.96},"functions":{"total":7,"covered":4,"skipped":0,"pct":57.14},"statements":{"total":29,"covered":19,"skipped":0,"pct":65.51},"branches":{"total":11,"covered":8,"skipped":0,"pct":72.72}}
,"/Users/lizeyu/Projects/Agora/dashboard/src/lib/templateStarter.ts": {"lines":{"total":4,"covered":4,"skipped":0,"pct":100},"functions":{"total":2,"covered":2,"skipped":0,"pct":100},"statements":{"total":4,"covered":4,"skipped":0,"pct":100},"branches":{"total":4,"covered":3,"skipped":0,"pct":75}}
,"/Users/lizeyu/Projects/Agora/dashboard/src/lib/utils.ts": {"lines":{"total":2,"covered":0,"skipped":0,"pct":0},"functions":{"total":2,"covered":0,"skipped":0,"pct":0},"statements":{"total":2,"covered":0,"skipped":0,"pct":0},"branches":{"total":2,"covered":0,"skipped":0,"pct":0}}
,"/Users/lizeyu/Projects/Agora/dashboard/src/lib/workflowGraphEditor.ts": {"lines":{"total":9,"covered":9,"skipped":0,"pct":100},"functions":{"total":3,"covered":3,"skipped":0,"pct":100},"statements":{"total":11,"covered":11,"skipped":0,"pct":100},"branches":{"total":11,"covered":11,"skipped":0,"pct":100}}
,"/Users/lizeyu/Projects/Agora/dashboard/src/lib/workflowGraphLabels.ts": {"lines":{"total":6,"covered":6,"skipped":0,"pct":100},"functions":{"total":2,"covered":2,"skipped":0,"pct":100},"statements":{"total":6,"covered":6,"skipped":0,"pct":100},"branches":{"total":12,"covered":8,"skipped":0,"pct":66.66}}
,"/Users/lizeyu/Projects/Agora/dashboard/src/lib/workflowGraphSurface.ts": {"lines":{"total":69,"covered":66,"skipped":0,"pct":95.65},"functions":{"total":16,"covered":16,"skipped":0,"pct":100},"statements":{"total":78,"covered":75,"skipped":0,"pct":96.15},"branches":{"total":36,"covered":30,"skipped":0,"pct":83.33}}
,"/Users/lizeyu/Projects/Agora/dashboard/src/locales/resources.ts": {"lines":{"total":1,"covered":1,"skipped":0,"pct":100},"functions":{"total":0,"covered":0,"skipped":0,"pct":100},"statements":{"total":1,"covered":1,"skipped":0,"pct":100},"branches":{"total":0,"covered":0,"skipped":0,"pct":100}}
,"/Users/lizeyu/Projects/Agora/dashboard/src/pages/AgentsPage.tsx": {"lines":{"total":187,"covered":155,"skipped":0,"pct":82.88},"functions":{"total":107,"covered":91,"skipped":0,"pct":85.04},"statements":{"total":225,"covered":191,"skipped":0,"pct":84.88},"branches":{"total":282,"covered":170,"skipped":0,"pct":60.28}}
,"/Users/lizeyu/Projects/Agora/dashboard/src/pages/ArchivePage.tsx": {"lines":{"total":25,"covered":20,"skipped":0,"pct":80},"functions":{"total":20,"covered":16,"skipped":0,"pct":80},"statements":{"total":35,"covered":30,"skipped":0,"pct":85.71},"branches":{"total":30,"covered":20,"skipped":0,"pct":66.66}}
,"/Users/lizeyu/Projects/Agora/dashboard/src/pages/BoardPage.tsx": {"lines":{"total":18,"covered":18,"skipped":0,"pct":100},"functions":{"total":15,"covered":15,"skipped":0,"pct":100},"statements":{"total":23,"covered":23,"skipped":0,"pct":100},"branches":{"total":12,"covered":10,"skipped":0,"pct":83.33}}
,"/Users/lizeyu/Projects/Agora/dashboard/src/pages/CreateTaskPage.tsx": {"lines":{"total":87,"covered":80,"skipped":0,"pct":91.95},"functions":{"total":37,"covered":34,"skipped":0,"pct":91.89},"statements":{"total":103,"covered":95,"skipped":0,"pct":92.23},"branches":{"total":78,"covered":68,"skipped":0,"pct":87.17}}
,"/Users/lizeyu/Projects/Agora/dashboard/src/pages/DashboardHome.tsx": {"lines":{"total":155,"covered":124,"skipped":0,"pct":80},"functions":{"total":59,"covered":49,"skipped":0,"pct":83.05},"statements":{"total":170,"covered":139,"skipped":0,"pct":81.76},"branches":{"total":178,"covered":115,"skipped":0,"pct":64.6}}
,"/Users/lizeyu/Projects/Agora/dashboard/src/pages/LoginPage.tsx": {"lines":{"total":27,"covered":15,"skipped":0,"pct":55.55},"functions":{"total":12,"covered":6,"skipped":0,"pct":50},"statements":{"total":33,"covered":19,"skipped":0,"pct":57.57},"branches":{"total":25,"covered":16,"skipped":0,"pct":64}}
,"/Users/lizeyu/Projects/Agora/dashboard/src/pages/ReviewsPage.tsx": {"lines":{"total":85,"covered":62,"skipped":0,"pct":72.94},"functions":{"total":51,"covered":32,"skipped":0,"pct":62.74},"statements":{"total":103,"covered":74,"skipped":0,"pct":71.84},"branches":{"total":76,"covered":48,"skipped":0,"pct":63.15}}
,"/Users/lizeyu/Projects/Agora/dashboard/src/pages/SettingsPage.tsx": {"lines":{"total":51,"covered":30,"skipped":0,"pct":58.82},"functions":{"total":20,"covered":9,"skipped":0,"pct":45},"statements":{"total":56,"covered":34,"skipped":0,"pct":60.71},"branches":{"total":34,"covered":24,"skipped":0,"pct":70.58}}
,"/Users/lizeyu/Projects/Agora/dashboard/src/pages/TasksPage.tsx": {"lines":{"total":287,"covered":162,"skipped":0,"pct":56.44},"functions":{"total":134,"covered":72,"skipped":0,"pct":53.73},"statements":{"total":328,"covered":195,"skipped":0,"pct":59.45},"branches":{"total":380,"covered":227,"skipped":0,"pct":59.73}}
,"/Users/lizeyu/Projects/Agora/dashboard/src/pages/TemplateGraphEditorPage.tsx": {"lines":{"total":257,"covered":203,"skipped":0,"pct":78.98},"functions":{"total":109,"covered":88,"skipped":0,"pct":80.73},"statements":{"total":289,"covered":229,"skipped":0,"pct":79.23},"branches":{"total":256,"covered":178,"skipped":0,"pct":69.53}}
,"/Users/lizeyu/Projects/Agora/dashboard/src/pages/TemplatesPage.tsx": {"lines":{"total":46,"covered":34,"skipped":0,"pct":73.91},"functions":{"total":23,"covered":19,"skipped":0,"pct":82.6},"statements":{"total":54,"covered":42,"skipped":0,"pct":77.77},"branches":{"total":48,"covered":27,"skipped":0,"pct":56.25}}
,"/Users/lizeyu/Projects/Agora/dashboard/src/pages/TodosPage.tsx": {"lines":{"total":40,"covered":24,"skipped":0,"pct":60},"functions":{"total":24,"covered":15,"skipped":0,"pct":62.5},"statements":{"total":50,"covered":33,"skipped":0,"pct":66},"branches":{"total":20,"covered":7,"skipped":0,"pct":35}}
,"/Users/lizeyu/Projects/Agora/dashboard/src/stores/agentStore.ts": {"lines":{"total":34,"covered":28,"skipped":0,"pct":82.35},"functions":{"total":16,"covered":14,"skipped":0,"pct":87.5},"statements":{"total":38,"covered":31,"skipped":0,"pct":81.57},"branches":{"total":11,"covered":4,"skipped":0,"pct":36.36}}
,"/Users/lizeyu/Projects/Agora/dashboard/src/stores/archiveStore.ts": {"lines":{"total":33,"covered":21,"skipped":0,"pct":63.63},"functions":{"total":10,"covered":6,"skipped":0,"pct":60},"statements":{"total":37,"covered":23,"skipped":0,"pct":62.16},"branches":{"total":29,"covered":11,"skipped":0,"pct":37.93}}
,"/Users/lizeyu/Projects/Agora/dashboard/src/stores/feedbackStore.ts": {"lines":{"total":3,"covered":1,"skipped":0,"pct":33.33},"functions":{"total":3,"covered":1,"skipped":0,"pct":33.33},"statements":{"total":4,"covered":2,"skipped":0,"pct":50},"branches":{"total":1,"covered":0,"skipped":0,"pct":0}}
,"/Users/lizeyu/Projects/Agora/dashboard/src/stores/motionStore.ts": {"lines":{"total":10,"covered":8,"skipped":0,"pct":80},"functions":{"total":5,"covered":4,"skipped":0,"pct":80},"statements":{"total":10,"covered":8,"skipped":0,"pct":80},"branches":{"total":4,"covered":2,"skipped":0,"pct":50}}
,"/Users/lizeyu/Projects/Agora/dashboard/src/stores/sessionStore.ts": {"lines":{"total":21,"covered":2,"skipped":0,"pct":9.52},"functions":{"total":6,"covered":1,"skipped":0,"pct":16.66},"statements":{"total":22,"covered":3,"skipped":0,"pct":13.63},"branches":{"total":18,"covered":0,"skipped":0,"pct":0}}
,"/Users/lizeyu/Projects/Agora/dashboard/src/stores/taskStore.ts": {"lines":{"total":158,"covered":72,"skipped":0,"pct":45.56},"functions":{"total":29,"covered":16,"skipped":0,"pct":55.17},"statements":{"total":163,"covered":76,"skipped":0,"pct":46.62},"branches":{"total":72,"covered":28,"skipped":0,"pct":38.88}}
,"/Users/lizeyu/Projects/Agora/dashboard/src/stores/templateStore.ts": {"lines":{"total":52,"covered":31,"skipped":0,"pct":59.61},"functions":{"total":14,"covered":8,"skipped":0,"pct":57.14},"statements":{"total":56,"covered":34,"skipped":0,"pct":60.71},"branches":{"total":20,"covered":4,"skipped":0,"pct":20}}
,"/Users/lizeyu/Projects/Agora/dashboard/src/stores/todoStore.ts": {"lines":{"total":33,"covered":19,"skipped":0,"pct":57.57},"functions":{"total":17,"covered":9,"skipped":0,"pct":52.94},"statements":{"total":38,"covered":22,"skipped":0,"pct":57.89},"branches":{"total":12,"covered":5,"skipped":0,"pct":41.66}}
,"/Users/lizeyu/Projects/Agora/dashboard/src/styles/layout.css": {"lines":{"total":0,"covered":0,"skipped":0,"pct":100},"functions":{"total":0,"covered":0,"skipped":0,"pct":100},"statements":{"total":0,"covered":0,"skipped":0,"pct":100},"branches":{"total":0,"covered":0,"skipped":0,"pct":100}}
,"/Users/lizeyu/Projects/Agora/dashboard/src/styles/navigation.css": {"lines":{"total":0,"covered":0,"skipped":0,"pct":100},"functions":{"total":0,"covered":0,"skipped":0,"pct":100},"statements":{"total":0,"covered":0,"skipped":0,"pct":100},"branches":{"total":0,"covered":0,"skipped":0,"pct":100}}
,"/Users/lizeyu/Projects/Agora/dashboard/src/styles/tokens.css": {"lines":{"total":0,"covered":0,"skipped":0,"pct":100},"functions":{"total":0,"covered":0,"skipped":0,"pct":100},"statements":{"total":0,"covered":0,"skipped":0,"pct":100},"branches":{"total":0,"covered":0,"skipped":0,"pct":100}}
,"/Users/lizeyu/Projects/Agora/dashboard/src/utils/json.ts": {"lines":{"total":3,"covered":3,"skipped":0,"pct":100},"functions":{"total":1,"covered":1,"skipped":0,"pct":100},"statements":{"total":3,"covered":3,"skipped":0,"pct":100},"branches":{"total":2,"covered":1,"skipped":0,"pct":50}}
}
