{"total": {"lines":{"total":5786,"covered":4152,"skipped":0,"pct":71.75},"statements":{"total":6389,"covered":4633,"skipped":0,"pct":72.51},"functions":{"total":2327,"covered":1775,"skipped":0,"pct":76.27},"branches":{"total":5717,"covered":3545,"skipped":0,"pct":62},"branchesTrue":{"total":0,"covered":0,"skipped":0,"pct":100}}
,"/Users/lizeyu/Projects/Agora/.worktrees/codex-dashboard-2-1-public-sync-20260425/dashboard/src/App.tsx": {"lines":{"total":7,"covered":6,"skipped":0,"pct":85.71},"functions":{"total":5,"covered":5,"skipped":0,"pct":100},"statements":{"total":9,"covered":8,"skipped":0,"pct":88.88},"branches":{"total":2,"covered":1,"skipped":0,"pct":50}}
,"/Users/lizeyu/Projects/Agora/.worktrees/codex-dashboard-2-1-public-sync-20260425/dashboard/src/components/auth/LoginAsciiCanvas.tsx": {"lines":{"total":169,"covered":0,"skipped":0,"pct":0},"functions":{"total":13,"covered":0,"skipped":0,"pct":0},"statements":{"total":173,"covered":0,"skipped":0,"pct":0},"branches":{"total":29,"covered":0,"skipped":0,"pct":0}}
,"/Users/lizeyu/Projects/Agora/.worktrees/codex-dashboard-2-1-public-sync-20260425/dashboard/src/components/auth/RequireSession.tsx": {"lines":{"total":9,"covered":7,"skipped":0,"pct":77.77},"functions":{"total":4,"covered":3,"skipped":0,"pct":75},"statements":{"total":11,"covered":9,"skipped":0,"pct":81.81},"branches":{"total":6,"covered":5,"skipped":0,"pct":83.33}}
,"/Users/lizeyu/Projects/Agora/.worktrees/codex-dashboard-2-1-public-sync-20260425/dashboard/src/components/features/WorkflowGraphEdge.tsx": {"lines":{"total":5,"covered":0,"skipped":0,"pct":0},"functions":{"total":1,"covered":0,"skipped":0,"pct":0},"statements":{"total":5,"covered":0,"skipped":0,"pct":0},"branches":{"total":10,"covered":0,"skipped":0,"pct":0}}
,"/Users/lizeyu/Projects/Agora/.worktrees/codex-dashboard-2-1-public-sync-20260425/dashboard/src/components/features/WorkflowGraphView.tsx": {"lines":{"total":46,"covered":45,"skipped":0,"pct":97.82},"functions":{"total":16,"covered":15,"skipped":0,"pct":93.75},"statements":{"total":49,"covered":47,"skipped":0,"pct":95.91},"branches":{"total":45,"covered":35,"skipped":0,"pct":77.77}}
,"/Users/lizeyu/Projects/Agora/.worktrees/codex-dashboard-2-1-public-sync-20260425/dashboard/src/components/layouts/AppShell.tsx": {"lines":{"total":13,"covered":11,"skipped":0,"pct":84.61},"functions":{"total":5,"covered":3,"skipped":0,"pct":60},"statements":{"total":13,"covered":11,"skipped":0,"pct":84.61},"branches":{"total":8,"covered":8,"skipped":0,"pct":100}}
,"/Users/lizeyu/Projects/Agora/.worktrees/codex-dashboard-2-1-public-sync-20260425/dashboard/src/components/layouts/ProjectWorkspaceShell.tsx": {"lines":{"total":7,"covered":6,"skipped":0,"pct":85.71},"functions":{"total":3,"covered":3,"skipped":0,"pct":100},"statements":{"total":7,"covered":6,"skipped":0,"pct":85.71},"branches":{"total":4,"covered":3,"skipped":0,"pct":75}}
,"/Users/lizeyu/Projects/Agora/.worktrees/codex-dashboard-2-1-public-sync-20260425/dashboard/src/components/layouts/Sidebar.tsx": {"lines":{"total":55,"covered":38,"skipped":0,"pct":69.09},"functions":{"total":8,"covered":7,"skipped":0,"pct":87.5},"statements":{"total":61,"covered":41,"skipped":0,"pct":67.21},"branches":{"total":77,"covered":53,"skipped":0,"pct":68.83}}
,"/Users/lizeyu/Projects/Agora/.worktrees/codex-dashboard-2-1-public-sync-20260425/dashboard/src/components/layouts/TopNav.tsx": {"lines":{"total":64,"covered":46,"skipped":0,"pct":71.87},"functions":{"total":25,"covered":17,"skipped":0,"pct":68},"statements":{"total":75,"covered":57,"skipped":0,"pct":76},"branches":{"total":62,"covered":43,"skipped":0,"pct":69.35}}
,"/Users/lizeyu/Projects/Agora/.worktrees/codex-dashboard-2-1-public-sync-20260425/dashboard/src/components/project/ProjectRuntimePolicyPanel.tsx": {"lines":{"total":73,"covered":68,"skipped":0,"pct":93.15},"functions":{"total":36,"covered":35,"skipped":0,"pct":97.22},"statements":{"total":76,"covered":71,"skipped":0,"pct":93.42},"branches":{"total":62,"covered":39,"skipped":0,"pct":62.9}}
,"/Users/lizeyu/Projects/Agora/.worktrees/codex-dashboard-2-1-public-sync-20260425/dashboard/src/components/settings/HumanAccountsPanel.tsx": {"lines":{"total":78,"covered":29,"skipped":0,"pct":37.17},"functions":{"total":26,"covered":3,"skipped":0,"pct":11.53},"statements":{"total":85,"covered":29,"skipped":0,"pct":34.11},"branches":{"total":61,"covered":19,"skipped":0,"pct":31.14}}
,"/Users/lizeyu/Projects/Agora/.worktrees/codex-dashboard-2-1-public-sync-20260425/dashboard/src/components/ui/BrandLogo.tsx": {"lines":{"total":2,"covered":2,"skipped":0,"pct":100},"functions":{"total":1,"covered":1,"skipped":0,"pct":100},"statements":{"total":2,"covered":2,"skipped":0,"pct":100},"branches":{"total":3,"covered":3,"skipped":0,"pct":100}}
,"/Users/lizeyu/Projects/Agora/.worktrees/codex-dashboard-2-1-public-sync-20260425/dashboard/src/components/ui/ControlGlass.tsx": {"lines":{"total":0,"covered":0,"skipped":0,"pct":100},"functions":{"total":0,"covered":0,"skipped":0,"pct":100},"statements":{"total":0,"covered":0,"skipped":0,"pct":100},"branches":{"total":0,"covered":0,"skipped":0,"pct":100}}
,"/Users/lizeyu/Projects/Agora/.worktrees/codex-dashboard-2-1-public-sync-20260425/dashboard/src/components/ui/ExperienceNotice.tsx": {"lines":{"total":11,"covered":11,"skipped":0,"pct":100},"functions":{"total":4,"covered":3,"skipped":0,"pct":75},"statements":{"total":15,"covered":14,"skipped":0,"pct":93.33},"branches":{"total":4,"covered":4,"skipped":0,"pct":100}}
,"/Users/lizeyu/Projects/Agora/.worktrees/codex-dashboard-2-1-public-sync-20260425/dashboard/src/components/ui/HomeSignalField.tsx": {"lines":{"total":120,"covered":11,"skipped":0,"pct":9.16},"functions":{"total":13,"covered":2,"skipped":0,"pct":15.38},"statements":{"total":121,"covered":11,"skipped":0,"pct":9.09},"branches":{"total":26,"covered":5,"skipped":0,"pct":19.23}}
,"/Users/lizeyu/Projects/Agora/.worktrees/codex-dashboard-2-1-public-sync-20260425/dashboard/src/components/ui/IntelligenceCanvas.tsx": {"lines":{"total":184,"covered":12,"skipped":0,"pct":6.52},"functions":{"total":23,"covered":3,"skipped":0,"pct":13.04},"statements":{"total":198,"covered":12,"skipped":0,"pct":6.06},"branches":{"total":66,"covered":2,"skipped":0,"pct":3.03}}
,"/Users/lizeyu/Projects/Agora/.worktrees/codex-dashboard-2-1-public-sync-20260425/dashboard/src/components/ui/PageTransition.tsx": {"lines":{"total":2,"covered":2,"skipped":0,"pct":100},"functions":{"total":1,"covered":1,"skipped":0,"pct":100},"statements":{"total":2,"covered":2,"skipped":0,"pct":100},"branches":{"total":0,"covered":0,"skipped":0,"pct":100}}
,"/Users/lizeyu/Projects/Agora/.worktrees/codex-dashboard-2-1-public-sync-20260425/dashboard/src/components/ui/RuntimeLogViewer.tsx": {"lines":{"total":152,"covered":81,"skipped":0,"pct":53.28},"functions":{"total":20,"covered":13,"skipped":0,"pct":65},"statements":{"total":170,"covered":88,"skipped":0,"pct":51.76},"branches":{"total":52,"covered":21,"skipped":0,"pct":40.38}}
,"/Users/lizeyu/Projects/Agora/.worktrees/codex-dashboard-2-1-public-sync-20260425/dashboard/src/components/ui/Skeleton.tsx": {"lines":{"total":1,"covered":1,"skipped":0,"pct":100},"functions":{"total":1,"covered":1,"skipped":0,"pct":100},"statements":{"total":1,"covered":1,"skipped":0,"pct":100},"branches":{"total":1,"covered":1,"skipped":0,"pct":100}}
,"/Users/lizeyu/Projects/Agora/.worktrees/codex-dashboard-2-1-public-sync-20260425/dashboard/src/components/ui/StaggeredItem.tsx": {"lines":{"total":3,"covered":3,"skipped":0,"pct":100},"functions":{"total":1,"covered":1,"skipped":0,"pct":100},"statements":{"total":3,"covered":3,"skipped":0,"pct":100},"branches":{"total":2,"covered":2,"skipped":0,"pct":100}}
,"/Users/lizeyu/Projects/Agora/.worktrees/codex-dashboard-2-1-public-sync-20260425/dashboard/src/components/ui/StateBadge.tsx": {"lines":{"total":4,"covered":4,"skipped":0,"pct":100},"functions":{"total":2,"covered":2,"skipped":0,"pct":100},"statements":{"total":4,"covered":4,"skipped":0,"pct":100},"branches":{"total":0,"covered":0,"skipped":0,"pct":100}}
,"/Users/lizeyu/Projects/Agora/.worktrees/codex-dashboard-2-1-public-sync-20260425/dashboard/src/components/ui/WorkbenchDetailSheet.tsx": {"lines":{"total":12,"covered":10,"skipped":0,"pct":83.33},"functions":{"total":3,"covered":2,"skipped":0,"pct":66.66},"statements":{"total":12,"covered":10,"skipped":0,"pct":83.33},"branches":{"total":6,"covered":5,"skipped":0,"pct":83.33}}
,"/Users/lizeyu/Projects/Agora/.worktrees/codex-dashboard-2-1-public-sync-20260425/dashboard/src/components/ui/WorkbenchFilterPopover.tsx": {"lines":{"total":7,"covered":7,"skipped":0,"pct":100},"functions":{"total":4,"covered":4,"skipped":0,"pct":100},"statements":{"total":7,"covered":7,"skipped":0,"pct":100},"branches":{"total":11,"covered":8,"skipped":0,"pct":72.72}}
,"/Users/lizeyu/Projects/Agora/.worktrees/codex-dashboard-2-1-public-sync-20260425/dashboard/src/hooks/useMediaQuery.ts": {"lines":{"total":9,"covered":9,"skipped":0,"pct":100},"functions":{"total":6,"covered":5,"skipped":0,"pct":83.33},"statements":{"total":13,"covered":11,"skipped":0,"pct":84.61},"branches":{"total":2,"covered":1,"skipped":0,"pct":50}}
,"/Users/lizeyu/Projects/Agora/.worktrees/codex-dashboard-2-1-public-sync-20260425/dashboard/src/hooks/useProjectWorkspacePage.ts": {"lines":{"total":8,"covered":8,"skipped":0,"pct":100},"functions":{"total":6,"covered":6,"skipped":0,"pct":100},"statements":{"total":12,"covered":12,"skipped":0,"pct":100},"branches":{"total":2,"covered":1,"skipped":0,"pct":50}}
,"/Users/lizeyu/Projects/Agora/.worktrees/codex-dashboard-2-1-public-sync-20260425/dashboard/src/lib/agentProviderInsights.ts": {"lines":{"total":9,"covered":9,"skipped":0,"pct":100},"functions":{"total":2,"covered":2,"skipped":0,"pct":100},"statements":{"total":9,"covered":9,"skipped":0,"pct":100},"branches":{"total":14,"covered":13,"skipped":0,"pct":92.85}}
,"/Users/lizeyu/Projects/Agora/.worktrees/codex-dashboard-2-1-public-sync-20260425/dashboard/src/lib/agentSelectability.ts": {"lines":{"total":7,"covered":6,"skipped":0,"pct":85.71},"functions":{"total":3,"covered":3,"skipped":0,"pct":100},"statements":{"total":7,"covered":6,"skipped":0,"pct":85.71},"branches":{"total":16,"covered":11,"skipped":0,"pct":68.75}}
,"/Users/lizeyu/Projects/Agora/.worktrees/codex-dashboard-2-1-public-sync-20260425/dashboard/src/lib/api.ts": {"lines":{"total":254,"covered":179,"skipped":0,"pct":70.47},"functions":{"total":145,"covered":90,"skipped":0,"pct":62.06},"statements":{"total":257,"covered":181,"skipped":0,"pct":70.42},"branches":{"total":151,"covered":69,"skipped":0,"pct":45.69}}
,"/Users/lizeyu/Projects/Agora/.worktrees/codex-dashboard-2-1-public-sync-20260425/dashboard/src/lib/cn.ts": {"lines":{"total":1,"covered":1,"skipped":0,"pct":100},"functions":{"total":1,"covered":1,"skipped":0,"pct":100},"statements":{"total":1,"covered":1,"skipped":0,"pct":100},"branches":{"total":0,"covered":0,"skipped":0,"pct":100}}
,"/Users/lizeyu/Projects/Agora/.worktrees/codex-dashboard-2-1-public-sync-20260425/dashboard/src/lib/createTaskDraft.ts": {"lines":{"total":21,"covered":20,"skipped":0,"pct":95.23},"functions":{"total":11,"covered":11,"skipped":0,"pct":100},"statements":{"total":23,"covered":22,"skipped":0,"pct":95.65},"branches":{"total":30,"covered":24,"skipped":0,"pct":80}}
,"/Users/lizeyu/Projects/Agora/.worktrees/codex-dashboard-2-1-public-sync-20260425/dashboard/src/lib/dashboardCopy.ts": {"lines":{"total":149,"covered":113,"skipped":0,"pct":75.83},"functions":{"total":125,"covered":90,"skipped":0,"pct":72},"statements":{"total":149,"covered":113,"skipped":0,"pct":75.83},"branches":{"total":4,"covered":2,"skipped":0,"pct":50}}
,"/Users/lizeyu/Projects/Agora/.worktrees/codex-dashboard-2-1-public-sync-20260425/dashboard/src/lib/dashboardExpansionMappers.ts": {"lines":{"total":69,"covered":63,"skipped":0,"pct":91.3},"functions":{"total":37,"covered":35,"skipped":0,"pct":94.59},"statements":{"total":71,"covered":64,"skipped":0,"pct":90.14},"branches":{"total":213,"covered":137,"skipped":0,"pct":64.31}}
,"/Users/lizeyu/Projects/Agora/.worktrees/codex-dashboard-2-1-public-sync-20260425/dashboard/src/lib/dashboardHomeMetrics.ts": {"lines":{"total":15,"covered":15,"skipped":0,"pct":100},"functions":{"total":9,"covered":9,"skipped":0,"pct":100},"statements":{"total":18,"covered":18,"skipped":0,"pct":100},"branches":{"total":16,"covered":15,"skipped":0,"pct":93.75}}
,"/Users/lizeyu/Projects/Agora/.worktrees/codex-dashboard-2-1-public-sync-20260425/dashboard/src/lib/i18n.ts": {"lines":{"total":32,"covered":30,"skipped":0,"pct":93.75},"functions":{"total":11,"covered":10,"skipped":0,"pct":90.9},"statements":{"total":37,"covered":31,"skipped":0,"pct":83.78},"branches":{"total":21,"covered":12,"skipped":0,"pct":57.14}}
,"/Users/lizeyu/Projects/Agora/.worktrees/codex-dashboard-2-1-public-sync-20260425/dashboard/src/lib/mockDashboard.ts": {"lines":{"total":22,"covered":21,"skipped":0,"pct":95.45},"functions":{"total":6,"covered":6,"skipped":0,"pct":100},"statements":{"total":26,"covered":24,"skipped":0,"pct":92.3},"branches":{"total":12,"covered":9,"skipped":0,"pct":75}}
,"/Users/lizeyu/Projects/Agora/.worktrees/codex-dashboard-2-1-public-sync-20260425/dashboard/src/lib/orchestrationRoles.ts": {"lines":{"total":14,"covered":14,"skipped":0,"pct":100},"functions":{"total":9,"covered":9,"skipped":0,"pct":100},"statements":{"total":16,"covered":16,"skipped":0,"pct":100},"branches":{"total":10,"covered":10,"skipped":0,"pct":100}}
,"/Users/lizeyu/Projects/Agora/.worktrees/codex-dashboard-2-1-public-sync-20260425/dashboard/src/lib/projectBrainContext.ts": {"lines":{"total":34,"covered":34,"skipped":0,"pct":100},"functions":{"total":10,"covered":10,"skipped":0,"pct":100},"statements":{"total":34,"covered":34,"skipped":0,"pct":100},"branches":{"total":30,"covered":20,"skipped":0,"pct":66.66}}
,"/Users/lizeyu/Projects/Agora/.worktrees/codex-dashboard-2-1-public-sync-20260425/dashboard/src/lib/projectContextMappers.ts": {"lines":{"total":8,"covered":8,"skipped":0,"pct":100},"functions":{"total":8,"covered":8,"skipped":0,"pct":100},"statements":{"total":8,"covered":8,"skipped":0,"pct":100},"branches":{"total":10,"covered":8,"skipped":0,"pct":80}}
,"/Users/lizeyu/Projects/Agora/.worktrees/codex-dashboard-2-1-public-sync-20260425/dashboard/src/lib/projectMappers.ts": {"lines":{"total":34,"covered":32,"skipped":0,"pct":94.11},"functions":{"total":21,"covered":19,"skipped":0,"pct":90.47},"statements":{"total":34,"covered":32,"skipped":0,"pct":94.11},"branches":{"total":27,"covered":20,"skipped":0,"pct":74.07}}
,"/Users/lizeyu/Projects/Agora/.worktrees/codex-dashboard-2-1-public-sync-20260425/dashboard/src/lib/projectTaskRoutes.ts": {"lines":{"total":2,"covered":2,"skipped":0,"pct":100},"functions":{"total":2,"covered":2,"skipped":0,"pct":100},"statements":{"total":2,"covered":2,"skipped":0,"pct":100},"branches":{"total":4,"covered":3,"skipped":0,"pct":75}}
,"/Users/lizeyu/Projects/Agora/.worktrees/codex-dashboard-2-1-public-sync-20260425/dashboard/src/lib/projectWorkspaceUtils.ts": {"lines":{"total":9,"covered":9,"skipped":0,"pct":100},"functions":{"total":8,"covered":8,"skipped":0,"pct":100},"statements":{"total":9,"covered":9,"skipped":0,"pct":100},"branches":{"total":9,"covered":8,"skipped":0,"pct":88.88}}
,"/Users/lizeyu/Projects/Agora/.worktrees/codex-dashboard-2-1-public-sync-20260425/dashboard/src/lib/projectsWorkbenchList.ts": {"lines":{"total":48,"covered":31,"skipped":0,"pct":64.58},"functions":{"total":14,"covered":11,"skipped":0,"pct":78.57},"statements":{"total":49,"covered":32,"skipped":0,"pct":65.3},"branches":{"total":36,"covered":19,"skipped":0,"pct":52.77}}
,"/Users/lizeyu/Projects/Agora/.worktrees/codex-dashboard-2-1-public-sync-20260425/dashboard/src/lib/runtimeTargetUtils.ts": {"lines":{"total":6,"covered":5,"skipped":0,"pct":83.33},"functions":{"total":2,"covered":2,"skipped":0,"pct":100},"statements":{"total":6,"covered":5,"skipped":0,"pct":83.33},"branches":{"total":8,"covered":6,"skipped":0,"pct":75}}
,"/Users/lizeyu/Projects/Agora/.worktrees/codex-dashboard-2-1-public-sync-20260425/dashboard/src/lib/taskMappers.ts": {"lines":{"total":56,"covered":47,"skipped":0,"pct":83.92},"functions":{"total":34,"covered":29,"skipped":0,"pct":85.29},"statements":{"total":60,"covered":49,"skipped":0,"pct":81.66},"branches":{"total":126,"covered":66,"skipped":0,"pct":52.38}}
,"/Users/lizeyu/Projects/Agora/.worktrees/codex-dashboard-2-1-public-sync-20260425/dashboard/src/lib/taskMeta.ts": {"lines":{"total":6,"covered":6,"skipped":0,"pct":100},"functions":{"total":2,"covered":2,"skipped":0,"pct":100},"statements":{"total":6,"covered":6,"skipped":0,"pct":100},"branches":{"total":8,"covered":4,"skipped":0,"pct":50}}
,"/Users/lizeyu/Projects/Agora/.worktrees/codex-dashboard-2-1-public-sync-20260425/dashboard/src/lib/taskProjectPresentation.ts": {"lines":{"total":29,"covered":27,"skipped":0,"pct":93.1},"functions":{"total":13,"covered":11,"skipped":0,"pct":84.61},"statements":{"total":33,"covered":30,"skipped":0,"pct":90.9},"branches":{"total":22,"covered":19,"skipped":0,"pct":86.36}}
,"/Users/lizeyu/Projects/Agora/.worktrees/codex-dashboard-2-1-public-sync-20260425/dashboard/src/lib/templateRuntimeCompatibility.ts": {"lines":{"total":27,"covered":17,"skipped":0,"pct":62.96},"functions":{"total":7,"covered":4,"skipped":0,"pct":57.14},"statements":{"total":29,"covered":19,"skipped":0,"pct":65.51},"branches":{"total":9,"covered":6,"skipped":0,"pct":66.66}}
,"/Users/lizeyu/Projects/Agora/.worktrees/codex-dashboard-2-1-public-sync-20260425/dashboard/src/lib/templateStarter.ts": {"lines":{"total":4,"covered":4,"skipped":0,"pct":100},"functions":{"total":2,"covered":2,"skipped":0,"pct":100},"statements":{"total":4,"covered":4,"skipped":0,"pct":100},"branches":{"total":4,"covered":3,"skipped":0,"pct":75}}
,"/Users/lizeyu/Projects/Agora/.worktrees/codex-dashboard-2-1-public-sync-20260425/dashboard/src/lib/utils.ts": {"lines":{"total":2,"covered":1,"skipped":0,"pct":50},"functions":{"total":2,"covered":1,"skipped":0,"pct":50},"statements":{"total":2,"covered":1,"skipped":0,"pct":50},"branches":{"total":2,"covered":1,"skipped":0,"pct":50}}
,"/Users/lizeyu/Projects/Agora/.worktrees/codex-dashboard-2-1-public-sync-20260425/dashboard/src/lib/workflowGraphEditor.ts": {"lines":{"total":9,"covered":9,"skipped":0,"pct":100},"functions":{"total":3,"covered":3,"skipped":0,"pct":100},"statements":{"total":11,"covered":11,"skipped":0,"pct":100},"branches":{"total":11,"covered":11,"skipped":0,"pct":100}}
,"/Users/lizeyu/Projects/Agora/.worktrees/codex-dashboard-2-1-public-sync-20260425/dashboard/src/lib/workflowGraphLabels.ts": {"lines":{"total":6,"covered":6,"skipped":0,"pct":100},"functions":{"total":2,"covered":2,"skipped":0,"pct":100},"statements":{"total":6,"covered":6,"skipped":0,"pct":100},"branches":{"total":12,"covered":8,"skipped":0,"pct":66.66}}
,"/Users/lizeyu/Projects/Agora/.worktrees/codex-dashboard-2-1-public-sync-20260425/dashboard/src/lib/workflowGraphSurface.ts": {"lines":{"total":71,"covered":68,"skipped":0,"pct":95.77},"functions":{"total":16,"covered":16,"skipped":0,"pct":100},"statements":{"total":80,"covered":77,"skipped":0,"pct":96.25},"branches":{"total":39,"covered":33,"skipped":0,"pct":84.61}}
,"/Users/lizeyu/Projects/Agora/.worktrees/codex-dashboard-2-1-public-sync-20260425/dashboard/src/locales/resources.ts": {"lines":{"total":1,"covered":1,"skipped":0,"pct":100},"functions":{"total":0,"covered":0,"skipped":0,"pct":100},"statements":{"total":1,"covered":1,"skipped":0,"pct":100},"branches":{"total":0,"covered":0,"skipped":0,"pct":100}}
,"/Users/lizeyu/Projects/Agora/.worktrees/codex-dashboard-2-1-public-sync-20260425/dashboard/src/pages/AgentsPage.tsx": {"lines":{"total":297,"covered":253,"skipped":0,"pct":85.18},"functions":{"total":177,"covered":144,"skipped":0,"pct":81.35},"statements":{"total":349,"covered":296,"skipped":0,"pct":84.81},"branches":{"total":457,"covered":276,"skipped":0,"pct":60.39}}
,"/Users/lizeyu/Projects/Agora/.worktrees/codex-dashboard-2-1-public-sync-20260425/dashboard/src/pages/ArchivePage.tsx": {"lines":{"total":27,"covered":22,"skipped":0,"pct":81.48},"functions":{"total":22,"covered":18,"skipped":0,"pct":81.81},"statements":{"total":38,"covered":33,"skipped":0,"pct":86.84},"branches":{"total":36,"covered":26,"skipped":0,"pct":72.22}}
,"/Users/lizeyu/Projects/Agora/.worktrees/codex-dashboard-2-1-public-sync-20260425/dashboard/src/pages/BoardPage.tsx": {"lines":{"total":32,"covered":32,"skipped":0,"pct":100},"functions":{"total":26,"covered":26,"skipped":0,"pct":100},"statements":{"total":40,"covered":40,"skipped":0,"pct":100},"branches":{"total":16,"covered":14,"skipped":0,"pct":87.5}}
,"/Users/lizeyu/Projects/Agora/.worktrees/codex-dashboard-2-1-public-sync-20260425/dashboard/src/pages/CreateTaskPage.tsx": {"lines":{"total":300,"covered":277,"skipped":0,"pct":92.33},"functions":{"total":128,"covered":118,"skipped":0,"pct":92.18},"statements":{"total":339,"covered":312,"skipped":0,"pct":92.03},"branches":{"total":276,"covered":229,"skipped":0,"pct":82.97}}
,"/Users/lizeyu/Projects/Agora/.worktrees/codex-dashboard-2-1-public-sync-20260425/dashboard/src/pages/DashboardHome.tsx": {"lines":{"total":150,"covered":128,"skipped":0,"pct":85.33},"functions":{"total":61,"covered":60,"skipped":0,"pct":98.36},"statements":{"total":172,"covered":150,"skipped":0,"pct":87.2},"branches":{"total":232,"covered":181,"skipped":0,"pct":78.01}}
,"/Users/lizeyu/Projects/Agora/.worktrees/codex-dashboard-2-1-public-sync-20260425/dashboard/src/pages/ExternalBridgesPage.tsx": {"lines":{"total":170,"covered":154,"skipped":0,"pct":90.58},"functions":{"total":89,"covered":84,"skipped":0,"pct":94.38},"statements":{"total":209,"covered":193,"skipped":0,"pct":92.34},"branches":{"total":211,"covered":112,"skipped":0,"pct":53.08}}
,"/Users/lizeyu/Projects/Agora/.worktrees/codex-dashboard-2-1-public-sync-20260425/dashboard/src/pages/LegacyTasksRedirectPage.tsx": {"lines":{"total":47,"covered":23,"skipped":0,"pct":48.93},"functions":{"total":12,"covered":9,"skipped":0,"pct":75},"statements":{"total":52,"covered":27,"skipped":0,"pct":51.92},"branches":{"total":32,"covered":10,"skipped":0,"pct":31.25}}
,"/Users/lizeyu/Projects/Agora/.worktrees/codex-dashboard-2-1-public-sync-20260425/dashboard/src/pages/LoginPage.tsx": {"lines":{"total":41,"covered":28,"skipped":0,"pct":68.29},"functions":{"total":17,"covered":10,"skipped":0,"pct":58.82},"statements":{"total":48,"covered":33,"skipped":0,"pct":68.75},"branches":{"total":31,"covered":19,"skipped":0,"pct":61.29}}
,"/Users/lizeyu/Projects/Agora/.worktrees/codex-dashboard-2-1-public-sync-20260425/dashboard/src/pages/ProjectArchiveWorkspacePage.tsx": {"lines":{"total":12,"covered":10,"skipped":0,"pct":83.33},"functions":{"total":4,"covered":4,"skipped":0,"pct":100},"statements":{"total":12,"covered":10,"skipped":0,"pct":83.33},"branches":{"total":22,"covered":13,"skipped":0,"pct":59.09}}
,"/Users/lizeyu/Projects/Agora/.worktrees/codex-dashboard-2-1-public-sync-20260425/dashboard/src/pages/ProjectBrainPage.tsx": {"lines":{"total":80,"covered":66,"skipped":0,"pct":82.5},"functions":{"total":36,"covered":27,"skipped":0,"pct":75},"statements":{"total":85,"covered":70,"skipped":0,"pct":82.35},"branches":{"total":151,"covered":90,"skipped":0,"pct":59.6}}
,"/Users/lizeyu/Projects/Agora/.worktrees/codex-dashboard-2-1-public-sync-20260425/dashboard/src/pages/ProjectCurrentWorkPage.tsx": {"lines":{"total":296,"covered":168,"skipped":0,"pct":56.75},"functions":{"total":121,"covered":68,"skipped":0,"pct":56.19},"statements":{"total":334,"covered":201,"skipped":0,"pct":60.17},"branches":{"total":404,"covered":209,"skipped":0,"pct":51.73}}
,"/Users/lizeyu/Projects/Agora/.worktrees/codex-dashboard-2-1-public-sync-20260425/dashboard/src/pages/ProjectDetailPage.tsx": {"lines":{"total":94,"covered":83,"skipped":0,"pct":88.29},"functions":{"total":52,"covered":46,"skipped":0,"pct":88.46},"statements":{"total":110,"covered":97,"skipped":0,"pct":88.18},"branches":{"total":105,"covered":67,"skipped":0,"pct":63.8}}
,"/Users/lizeyu/Projects/Agora/.worktrees/codex-dashboard-2-1-public-sync-20260425/dashboard/src/pages/ProjectGovernancePage.tsx": {"lines":{"total":24,"covered":17,"skipped":0,"pct":70.83},"functions":{"total":16,"covered":10,"skipped":0,"pct":62.5},"statements":{"total":33,"covered":24,"skipped":0,"pct":72.72},"branches":{"total":45,"covered":18,"skipped":0,"pct":40}}
,"/Users/lizeyu/Projects/Agora/.worktrees/codex-dashboard-2-1-public-sync-20260425/dashboard/src/pages/ProjectKnowledgePage.tsx": {"lines":{"total":12,"covered":10,"skipped":0,"pct":83.33},"functions":{"total":4,"covered":4,"skipped":0,"pct":100},"statements":{"total":12,"covered":10,"skipped":0,"pct":83.33},"branches":{"total":36,"covered":24,"skipped":0,"pct":66.66}}
,"/Users/lizeyu/Projects/Agora/.worktrees/codex-dashboard-2-1-public-sync-20260425/dashboard/src/pages/ProjectOperatorPage.tsx": {"lines":{"total":165,"covered":156,"skipped":0,"pct":94.54},"functions":{"total":40,"covered":36,"skipped":0,"pct":90},"statements":{"total":169,"covered":158,"skipped":0,"pct":93.49},"branches":{"total":156,"covered":122,"skipped":0,"pct":78.2}}
,"/Users/lizeyu/Projects/Agora/.worktrees/codex-dashboard-2-1-public-sync-20260425/dashboard/src/pages/ProjectParticipantsPage.tsx": {"lines":{"total":42,"covered":25,"skipped":0,"pct":59.52},"functions":{"total":19,"covered":8,"skipped":0,"pct":42.1},"statements":{"total":48,"covered":27,"skipped":0,"pct":56.25},"branches":{"total":60,"covered":19,"skipped":0,"pct":31.66}}
,"/Users/lizeyu/Projects/Agora/.worktrees/codex-dashboard-2-1-public-sync-20260425/dashboard/src/pages/ProjectsPage.tsx": {"lines":{"total":186,"covered":160,"skipped":0,"pct":86.02},"functions":{"total":76,"covered":68,"skipped":0,"pct":89.47},"statements":{"total":203,"covered":176,"skipped":0,"pct":86.69},"branches":{"total":155,"covered":106,"skipped":0,"pct":68.38}}
,"/Users/lizeyu/Projects/Agora/.worktrees/codex-dashboard-2-1-public-sync-20260425/dashboard/src/pages/ReviewsPage.tsx": {"lines":{"total":170,"covered":123,"skipped":0,"pct":72.35},"functions":{"total":87,"covered":59,"skipped":0,"pct":67.81},"statements":{"total":199,"covered":144,"skipped":0,"pct":72.36},"branches":{"total":235,"covered":169,"skipped":0,"pct":71.91}}
,"/Users/lizeyu/Projects/Agora/.worktrees/codex-dashboard-2-1-public-sync-20260425/dashboard/src/pages/RuntimeTargetsPage.tsx": {"lines":{"total":63,"covered":53,"skipped":0,"pct":84.12},"functions":{"total":30,"covered":23,"skipped":0,"pct":76.66},"statements":{"total":67,"covered":57,"skipped":0,"pct":85.07},"branches":{"total":46,"covered":23,"skipped":0,"pct":50}}
,"/Users/lizeyu/Projects/Agora/.worktrees/codex-dashboard-2-1-public-sync-20260425/dashboard/src/pages/SettingsPage.tsx": {"lines":{"total":61,"covered":40,"skipped":0,"pct":65.57},"functions":{"total":22,"covered":11,"skipped":0,"pct":50},"statements":{"total":66,"covered":44,"skipped":0,"pct":66.66},"branches":{"total":72,"covered":51,"skipped":0,"pct":70.83}}
,"/Users/lizeyu/Projects/Agora/.worktrees/codex-dashboard-2-1-public-sync-20260425/dashboard/src/pages/SystemPage.tsx": {"lines":{"total":90,"covered":80,"skipped":0,"pct":88.88},"functions":{"total":41,"covered":40,"skipped":0,"pct":97.56},"statements":{"total":104,"covered":94,"skipped":0,"pct":90.38},"branches":{"total":174,"covered":111,"skipped":0,"pct":63.79}}
,"/Users/lizeyu/Projects/Agora/.worktrees/codex-dashboard-2-1-public-sync-20260425/dashboard/src/pages/TasksPage.tsx": {"lines":{"total":362,"covered":217,"skipped":0,"pct":59.94},"functions":{"total":170,"covered":104,"skipped":0,"pct":61.17},"statements":{"total":413,"covered":258,"skipped":0,"pct":62.46},"branches":{"total":548,"covered":324,"skipped":0,"pct":59.12}}
,"/Users/lizeyu/Projects/Agora/.worktrees/codex-dashboard-2-1-public-sync-20260425/dashboard/src/pages/TemplateGraphEditorPage.tsx": {"lines":{"total":263,"covered":210,"skipped":0,"pct":79.84},"functions":{"total":119,"covered":98,"skipped":0,"pct":82.35},"statements":{"total":300,"covered":241,"skipped":0,"pct":80.33},"branches":{"total":328,"covered":232,"skipped":0,"pct":70.73}}
,"/Users/lizeyu/Projects/Agora/.worktrees/codex-dashboard-2-1-public-sync-20260425/dashboard/src/pages/TemplatesPage.tsx": {"lines":{"total":46,"covered":34,"skipped":0,"pct":73.91},"functions":{"total":23,"covered":19,"skipped":0,"pct":82.6},"statements":{"total":54,"covered":42,"skipped":0,"pct":77.77},"branches":{"total":50,"covered":28,"skipped":0,"pct":56}}
,"/Users/lizeyu/Projects/Agora/.worktrees/codex-dashboard-2-1-public-sync-20260425/dashboard/src/pages/TodosPage.tsx": {"lines":{"total":55,"covered":36,"skipped":0,"pct":65.45},"functions":{"total":33,"covered":22,"skipped":0,"pct":66.66},"statements":{"total":69,"covered":49,"skipped":0,"pct":71.01},"branches":{"total":34,"covered":16,"skipped":0,"pct":47.05}}
,"/Users/lizeyu/Projects/Agora/.worktrees/codex-dashboard-2-1-public-sync-20260425/dashboard/src/pages/WorkspaceBootstrapPage.tsx": {"lines":{"total":18,"covered":14,"skipped":0,"pct":77.77},"functions":{"total":6,"covered":5,"skipped":0,"pct":83.33},"statements":{"total":18,"covered":14,"skipped":0,"pct":77.77},"branches":{"total":22,"covered":13,"skipped":0,"pct":59.09}}
,"/Users/lizeyu/Projects/Agora/.worktrees/codex-dashboard-2-1-public-sync-20260425/dashboard/src/stores/agentStore.ts": {"lines":{"total":34,"covered":28,"skipped":0,"pct":82.35},"functions":{"total":16,"covered":14,"skipped":0,"pct":87.5},"statements":{"total":38,"covered":31,"skipped":0,"pct":81.57},"branches":{"total":13,"covered":5,"skipped":0,"pct":38.46}}
,"/Users/lizeyu/Projects/Agora/.worktrees/codex-dashboard-2-1-public-sync-20260425/dashboard/src/stores/archiveStore.ts": {"lines":{"total":42,"covered":29,"skipped":0,"pct":69.04},"functions":{"total":13,"covered":9,"skipped":0,"pct":69.23},"statements":{"total":47,"covered":32,"skipped":0,"pct":68.08},"branches":{"total":42,"covered":19,"skipped":0,"pct":45.23}}
,"/Users/lizeyu/Projects/Agora/.worktrees/codex-dashboard-2-1-public-sync-20260425/dashboard/src/stores/ccConnectStore.ts": {"lines":{"total":282,"covered":282,"skipped":0,"pct":100},"functions":{"total":43,"covered":43,"skipped":0,"pct":100},"statements":{"total":289,"covered":289,"skipped":0,"pct":100},"branches":{"total":164,"covered":143,"skipped":0,"pct":87.19}}
,"/Users/lizeyu/Projects/Agora/.worktrees/codex-dashboard-2-1-public-sync-20260425/dashboard/src/stores/feedbackStore.ts": {"lines":{"total":3,"covered":2,"skipped":0,"pct":66.66},"functions":{"total":3,"covered":2,"skipped":0,"pct":66.66},"statements":{"total":4,"covered":3,"skipped":0,"pct":75},"branches":{"total":1,"covered":1,"skipped":0,"pct":100}}
,"/Users/lizeyu/Projects/Agora/.worktrees/codex-dashboard-2-1-public-sync-20260425/dashboard/src/stores/motionStore.ts": {"lines":{"total":10,"covered":8,"skipped":0,"pct":80},"functions":{"total":5,"covered":4,"skipped":0,"pct":80},"statements":{"total":10,"covered":8,"skipped":0,"pct":80},"branches":{"total":4,"covered":2,"skipped":0,"pct":50}}
,"/Users/lizeyu/Projects/Agora/.worktrees/codex-dashboard-2-1-public-sync-20260425/dashboard/src/stores/projectStore.ts": {"lines":{"total":41,"covered":28,"skipped":0,"pct":68.29},"functions":{"total":13,"covered":7,"skipped":0,"pct":53.84},"statements":{"total":45,"covered":30,"skipped":0,"pct":66.66},"branches":{"total":26,"covered":9,"skipped":0,"pct":34.61}}
,"/Users/lizeyu/Projects/Agora/.worktrees/codex-dashboard-2-1-public-sync-20260425/dashboard/src/stores/sessionStore.ts": {"lines":{"total":21,"covered":21,"skipped":0,"pct":100},"functions":{"total":6,"covered":6,"skipped":0,"pct":100},"statements":{"total":22,"covered":22,"skipped":0,"pct":100},"branches":{"total":22,"covered":18,"skipped":0,"pct":81.81}}
,"/Users/lizeyu/Projects/Agora/.worktrees/codex-dashboard-2-1-public-sync-20260425/dashboard/src/stores/taskStore.ts": {"lines":{"total":175,"covered":86,"skipped":0,"pct":49.14},"functions":{"total":32,"covered":19,"skipped":0,"pct":59.37},"statements":{"total":181,"covered":91,"skipped":0,"pct":50.27},"branches":{"total":90,"covered":38,"skipped":0,"pct":42.22}}
,"/Users/lizeyu/Projects/Agora/.worktrees/codex-dashboard-2-1-public-sync-20260425/dashboard/src/stores/templateStore.ts": {"lines":{"total":52,"covered":31,"skipped":0,"pct":59.61},"functions":{"total":14,"covered":8,"skipped":0,"pct":57.14},"statements":{"total":56,"covered":34,"skipped":0,"pct":60.71},"branches":{"total":20,"covered":4,"skipped":0,"pct":20}}
,"/Users/lizeyu/Projects/Agora/.worktrees/codex-dashboard-2-1-public-sync-20260425/dashboard/src/stores/todoStore.ts": {"lines":{"total":34,"covered":20,"skipped":0,"pct":58.82},"functions":{"total":18,"covered":10,"skipped":0,"pct":55.55},"statements":{"total":39,"covered":23,"skipped":0,"pct":58.97},"branches":{"total":14,"covered":7,"skipped":0,"pct":50}}
,"/Users/lizeyu/Projects/Agora/.worktrees/codex-dashboard-2-1-public-sync-20260425/dashboard/src/styles/layout.css": {"lines":{"total":0,"covered":0,"skipped":0,"pct":100},"functions":{"total":0,"covered":0,"skipped":0,"pct":100},"statements":{"total":0,"covered":0,"skipped":0,"pct":100},"branches":{"total":0,"covered":0,"skipped":0,"pct":100}}
,"/Users/lizeyu/Projects/Agora/.worktrees/codex-dashboard-2-1-public-sync-20260425/dashboard/src/styles/navigation.css": {"lines":{"total":0,"covered":0,"skipped":0,"pct":100},"functions":{"total":0,"covered":0,"skipped":0,"pct":100},"statements":{"total":0,"covered":0,"skipped":0,"pct":100},"branches":{"total":0,"covered":0,"skipped":0,"pct":100}}
,"/Users/lizeyu/Projects/Agora/.worktrees/codex-dashboard-2-1-public-sync-20260425/dashboard/src/styles/pages.css": {"lines":{"total":0,"covered":0,"skipped":0,"pct":100},"functions":{"total":0,"covered":0,"skipped":0,"pct":100},"statements":{"total":0,"covered":0,"skipped":0,"pct":100},"branches":{"total":0,"covered":0,"skipped":0,"pct":100}}
,"/Users/lizeyu/Projects/Agora/.worktrees/codex-dashboard-2-1-public-sync-20260425/dashboard/src/styles/tokens.css": {"lines":{"total":0,"covered":0,"skipped":0,"pct":100},"functions":{"total":0,"covered":0,"skipped":0,"pct":100},"statements":{"total":0,"covered":0,"skipped":0,"pct":100},"branches":{"total":0,"covered":0,"skipped":0,"pct":100}}
,"/Users/lizeyu/Projects/Agora/.worktrees/codex-dashboard-2-1-public-sync-20260425/dashboard/src/utils/json.ts": {"lines":{"total":3,"covered":3,"skipped":0,"pct":100},"functions":{"total":1,"covered":1,"skipped":0,"pct":100},"statements":{"total":3,"covered":3,"skipped":0,"pct":100},"branches":{"total":2,"covered":1,"skipped":0,"pct":50}}
}
