{"total": {"lines":{"total":793,"covered":709,"skipped":0,"pct":89.4},"statements":{"total":793,"covered":709,"skipped":0,"pct":89.4},"functions":{"total":65,"covered":53,"skipped":0,"pct":81.53},"branches":{"total":262,"covered":223,"skipped":0,"pct":85.11},"branchesTrue":{"total":0,"covered":0,"skipped":0,"pct":"Unknown"}}
,"/Users/lizeyu/Projects/Agora/extensions/agora-plugin/src/bridge.ts": {"lines":{"total":182,"covered":115,"skipped":0,"pct":63.18},"functions":{"total":24,"covered":12,"skipped":0,"pct":50},"statements":{"total":182,"covered":115,"skipped":0,"pct":63.18},"branches":{"total":27,"covered":24,"skipped":0,"pct":88.88}}
,"/Users/lizeyu/Projects/Agora/extensions/agora-plugin/src/commands.ts": {"lines":{"total":235,"covered":235,"skipped":0,"pct":100},"functions":{"total":21,"covered":21,"skipped":0,"pct":100},"statements":{"total":235,"covered":235,"skipped":0,"pct":100},"branches":{"total":74,"covered":66,"skipped":0,"pct":89.18}}
,"/Users/lizeyu/Projects/Agora/extensions/agora-plugin/src/index.ts": {"lines":{"total":15,"covered":15,"skipped":0,"pct":100},"functions":{"total":1,"covered":1,"skipped":0,"pct":100},"statements":{"total":15,"covered":15,"skipped":0,"pct":100},"branches":{"total":9,"covered":9,"skipped":0,"pct":100}}
,"/Users/lizeyu/Projects/Agora/extensions/agora-plugin/src/live-status.ts": {"lines":{"total":361,"covered":344,"skipped":0,"pct":95.29},"functions":{"total":19,"covered":19,"skipped":0,"pct":100},"statements":{"total":361,"covered":344,"skipped":0,"pct":95.29},"branches":{"total":152,"covered":124,"skipped":0,"pct":81.57}}
}
